
**** Build of configuration Debug for project Arduino ****

make all 
Invoking: Print Size
avr-size --format=avr --mcu=atmega2560 libArduino.a
AVR Memory Usage
----------------
Device: atmega2560

Program:       0 bytes (0.0% Full)
(.text + .data + .bootloader)

Data:          0 bytes (0.0% Full)
(.data + .bss + .noinit)


AVR Memory Usage
----------------
Device: atmega2560

Program:       0 bytes (0.0% Full)
(.text + .data + .bootloader)

Data:          0 bytes (0.0% Full)
(.data + .bss + .noinit)


AVR Memory Usage
----------------
Device: atmega2560

Program:       0 bytes (0.0% Full)
(.text + .data + .bootloader)

Data:          0 bytes (0.0% Full)
(.data + .bss + .noinit)


AVR Memory Usage
----------------
Device: atmega2560

Program:       0 bytes (0.0% Full)
(.text + .data + .bootloader)

Data:          0 bytes (0.0% Full)
(.data + .bss + .noinit)


AVR Memory Usage
----------------
Device: atmega2560

Program:       0 bytes (0.0% Full)
(.text + .data + .bootloader)

Data:          0 bytes (0.0% Full)
(.data + .bss + .noinit)


AVR Memory Usage
----------------
Device: atmega2560

Program:     314 bytes (0.1% Full)
(.text + .data + .bootloader)

Data:        314 bytes (3.8% Full)
(.data + .bss + .noinit)


AVR Memory Usage
----------------
Device: atmega2560

Program:       0 bytes (0.0% Full)
(.text + .data + .bootloader)

Data:          0 bytes (0.0% Full)
(.data + .bss + .noinit)


AVR Memory Usage
----------------
Device: atmega2560

Program:     229 bytes (0.1% Full)
(.text + .data + .bootloader)

Data:        229 bytes (2.8% Full)
(.data + .bss + .noinit)


AVR Memory Usage
----------------
Device: atmega2560

Program:       0 bytes (0.0% Full)
(.text + .data + .bootloader)

Data:          0 bytes (0.0% Full)
(.data + .bss + .noinit)


AVR Memory Usage
----------------
Device: atmega2560

Program:       0 bytes (0.0% Full)
(.text + .data + .bootloader)

Data:          0 bytes (0.0% Full)
(.data + .bss + .noinit)


AVR Memory Usage
----------------
Device: atmega2560

Program:       0 bytes (0.0% Full)
(.text + .data + .bootloader)

Data:          0 bytes (0.0% Full)
(.data + .bss + .noinit)


AVR Memory Usage
----------------
Device: atmega2560

Program:       0 bytes (0.0% Full)
(.text + .data + .bootloader)

Data:          0 bytes (0.0% Full)
(.data + .bss + .noinit)


AVR Memory Usage
----------------
Device: atmega2560

Program:       0 bytes (0.0% Full)
(.text + .data + .bootloader)

Data:          0 bytes (0.0% Full)
(.data + .bss + .noinit)


AVR Memory Usage
----------------
Device: atmega2560

Program:       0 bytes (0.0% Full)
(.text + .data + .bootloader)

Data:          0 bytes (0.0% Full)
(.data + .bss + .noinit)


AVR Memory Usage
----------------
Device: atmega2560

Program:       0 bytes (0.0% Full)
(.text + .data + .bootloader)

Data:          0 bytes (0.0% Full)
(.data + .bss + .noinit)


AVR Memory Usage
----------------
Device: atmega2560

Program:       0 bytes (0.0% Full)
(.text + .data + .bootloader)

Data:          0 bytes (0.0% Full)
(.data + .bss + .noinit)


AVR Memory Usage
----------------
Device: atmega2560

Program:       0 bytes (0.0% Full)
(.text + .data + .bootloader)

Data:          0 bytes (0.0% Full)
(.data + .bss + .noinit)


AVR Memory Usage
----------------
Device: atmega2560

Program:       2 bytes (0.0% Full)
(.text + .data + .bootloader)

Data:          2 bytes (0.0% Full)
(.data + .bss + .noinit)


AVR Memory Usage
----------------
Device: atmega2560

Program:       0 bytes (0.0% Full)
(.text + .data + .bootloader)

Data:          0 bytes (0.0% Full)
(.data + .bss + .noinit)


AVR Memory Usage
----------------
Device: atmega2560

Program:       0 bytes (0.0% Full)
(.text + .data + .bootloader)

Data:          0 bytes (0.0% Full)
(.data + .bss + .noinit)


AVR Memory Usage
----------------
Device: atmega2560

Program:       0 bytes (0.0% Full)
(.text + .data + .bootloader)

Data:          0 bytes (0.0% Full)
(.data + .bss + .noinit)


AVR Memory Usage
----------------
Device: atmega2560

Program:       0 bytes (0.0% Full)
(.text + .data + .bootloader)

Data:          0 bytes (0.0% Full)
(.data + .bss + .noinit)


AVR Memory Usage
----------------
Device: atmega2560

Program:       0 bytes (0.0% Full)
(.text + .data + .bootloader)

Data:          0 bytes (0.0% Full)
(.data + .bss + .noinit)


AVR Memory Usage
----------------
Device: atmega2560

Program:    1120 bytes (0.4% Full)
(.text + .data + .bootloader)

Data:         16 bytes (0.2% Full)
(.data + .bss + .noinit)


AVR Memory Usage
----------------
Device: atmega2560

Program:       0 bytes (0.0% Full)
(.text + .data + .bootloader)

Data:          0 bytes (0.0% Full)
(.data + .bss + .noinit)


AVR Memory Usage
----------------
Device: atmega2560

Program:       1 bytes (0.0% Full)
(.text + .data + .bootloader)

Data:          1 bytes (0.0% Full)
(.data + .bss + .noinit)


AVR Memory Usage
----------------
Device: atmega2560

Program:       0 bytes (0.0% Full)
(.text + .data + .bootloader)

Data:          0 bytes (0.0% Full)
(.data + .bss + .noinit)


AVR Memory Usage
----------------
Device: atmega2560

Program:       0 bytes (0.0% Full)
(.text + .data + .bootloader)

Data:          0 bytes (0.0% Full)
(.data + .bss + .noinit)


AVR Memory Usage
----------------
Device: atmega2560

Program:       0 bytes (0.0% Full)
(.text + .data + .bootloader)

Data:          0 bytes (0.0% Full)
(.data + .bss + .noinit)


AVR Memory Usage
----------------
Device: atmega2560

Program:     642 bytes (0.2% Full)
(.text + .data + .bootloader)

Data:          9 bytes (0.1% Full)
(.data + .bss + .noinit)


AVR Memory Usage
----------------
Device: atmega2560

Program:     549 bytes (0.2% Full)
(.text + .data + .bootloader)

Data:          1 bytes (0.0% Full)
(.data + .bss + .noinit)


AVR Memory Usage
----------------
Device: atmega2560

Program:     508 bytes (0.2% Full)
(.text + .data + .bootloader)

Data:          0 bytes (0.0% Full)
(.data + .bss + .noinit)


AVR Memory Usage
----------------
Device: atmega2560

Program:     314 bytes (0.1% Full)
(.text + .data + .bootloader)

Data:          0 bytes (0.0% Full)
(.data + .bss + .noinit)


AVR Memory Usage
----------------
Device: atmega2560

Program:     260 bytes (0.1% Full)
(.text + .data + .bootloader)

Data:          0 bytes (0.0% Full)
(.data + .bss + .noinit)


Finished building: sizedummy
 

**** Build Finished ****

**** Build of configuration Debug for project RobotTemplate ****

make all 
Building file: ../Main.cpp
Invoking: AVR C++ Compiler
avr-g++ -I"C:\Users\ehaskins\Code Local\CARD - 2011\Robot\Arduino\Arduino" -Wall -Os -fpack-struct -fshort-enums -funsigned-char -funsigned-bitfields -fno-exceptions -mmcu=atmega2560 -DF_CPU=16000000UL -MMD -MP -MF"Main.d" -MT"Main.d" -c -o "Main.o" "../Main.cpp"
Finished building: ../Main.cpp
 
Building target: RobotTemplate.elf
Invoking: AVR C++ Linker
avr-g++ --cref -s -Os -o"RobotTemplate.elf"  ./Main.o ./UserCode.o ./UserConstants.o ./Utils.o   -lArduino -lm -Wl,-Map,RobotTemplate.map,--cref -ffunction-sections -fdata-sections -Wl,--gc-sections -L"C:\Users\ehaskins\Code Local\CARD - 2011\Robot\Arduino\Arduino\Debug" -mmcu=atmega2560
Finished building target: RobotTemplate.elf
 
Invoking: AVR Create Extended Listing
avr-objdump -h -S RobotTemplate.elf  >"RobotTemplate.lss"
Finished building: RobotTemplate.lss
 
Create Flash image (ihex format)
avr-objcopy -R .eeprom -O ihex RobotTemplate.elf  "RobotTemplate.hex"
Finished building: RobotTemplate.hex
 
Invoking: Print Size
avr-size --format=avr --mcu=atmega2560 RobotTemplate.elf
AVR Memory Usage
----------------
Device: atmega2560

Program:    4644 bytes (1.8% Full)
(.text + .data + .bootloader)

Data:        852 bytes (10.4% Full)
(.data + .bss + .noinit)


Finished building: sizedummy
 

**** Build Finished ****
