
**** Build of configuration Debug for project RobotTemplate ****

make all 
Building file: ../Main.cpp
Invoking: AVR C++ Compiler
avr-g++ -I"C:\Users\ehaskins\Desktop\temp repo\Robot\Arduino\Arduino" -Wall -Os -fpack-struct -fshort-enums -std=c++98 -funsigned-char -funsigned-bitfields -fno-exceptions -mmcu=atmega2560 -DF_CPU=16000000UL -MMD -MP -MF"Main.d" -MT"Main.d" -c -o "Main.o" "../Main.cpp"
Finished building: ../Main.cpp
 
Building file: ../UserCode.cpp
Invoking: AVR C++ Compiler
avr-g++ -I"C:\Users\ehaskins\Desktop\temp repo\Robot\Arduino\Arduino" -Wall -Os -fpack-struct -fshort-enums -std=c++98 -funsigned-char -funsigned-bitfields -fno-exceptions -mmcu=atmega2560 -DF_CPU=16000000UL -MMD -MP -MF"UserCode.d" -MT"UserCode.d" -c -o "UserCode.o" "../UserCode.cpp"
../UserCode.cpp: In member function 'void UserRobot::teleopLoop()':
../UserCode.cpp:108: warning: unused variable 'panVal'
../UserCode.cpp:112: warning: unused variable 'tiltVal'
../UserCode.cpp: In member function 'void UserRobot::fastLoop()':
../UserCode.cpp:187: warning: unused variable 'control'
Finished building: ../UserCode.cpp
 
Building file: ../Utils.cpp
Invoking: AVR C++ Compiler
avr-g++ -I"C:\Users\ehaskins\Desktop\temp repo\Robot\Arduino\Arduino" -Wall -Os -fpack-struct -fshort-enums -std=c++98 -funsigned-char -funsigned-bitfields -fno-exceptions -mmcu=atmega2560 -DF_CPU=16000000UL -MMD -MP -MF"Utils.d" -MT"Utils.d" -c -o "Utils.o" "../Utils.cpp"
Finished building: ../Utils.cpp
 
Building target: RobotTemplate.elf
Invoking: AVR C++ Linker
avr-g++ --cref -s -Os -o"RobotTemplate.elf"  ./Main.o ./UserCode.o ./UserConstants.o ./Utils.o   -lArduino -lm -Wl,-Map,RobotTemplate.map,--cref -ffunction-sections -fdata-sections -Wl,--gc-sections -L"C:\Users\ehaskins\Desktop\temp repo\Robot\Arduino\Arduino\Debug" -mmcu=atmega2560
Finished building target: RobotTemplate.elf
 
Invoking: AVR Create Extended Listing
avr-objdump -h -S RobotTemplate.elf  >"RobotTemplate.lss"
Finished building: RobotTemplate.lss
 
Create Flash image (ihex format)
avr-objcopy -R .eeprom -O ihex RobotTemplate.elf  "RobotTemplate.hex"
Finished building: RobotTemplate.hex
 
Invoking: Print Size
avr-size --format=avr --mcu=atmega2560 RobotTemplate.elf
AVR Memory Usage
----------------
Device: atmega2560

Program:    4644 bytes (1.8% Full)
(.text + .data + .bootloader)

Data:        852 bytes (10.4% Full)
(.data + .bss + .noinit)


Finished building: sizedummy
 

**** Build Finished ****
